TN:
SF:src\components\CollectionItem.css
FNF:0
FNH:0
LF:0
LH:0
BRF:0
BRH:0
end_of_record
TN:
SF:src\components\CollectionItem.jsx
FN:4,CollectionItem
FN:10,(anonymous_1)
FN:19,(anonymous_2)
FN:22,(anonymous_3)
FN:26,(anonymous_4)
FN:53,(anonymous_5)
FN:64,(anonymous_6)
FN:76,(anonymous_7)
FN:94,(anonymous_8)
FN:98,(anonymous_9)
FNF:10
FNH:10
FNDA:31,CollectionItem
FNDA:1,(anonymous_1)
FNDA:12,(anonymous_2)
FNDA:60,(anonymous_3)
FNDA:1,(anonymous_4)
FNDA:1,(anonymous_5)
FNDA:1,(anonymous_6)
FNDA:1,(anonymous_7)
FNDA:9,(anonymous_8)
FNDA:1,(anonymous_9)
DA:5,31
DA:6,31
DA:7,31
DA:8,31
DA:10,31
DA:11,1
DA:16,1
DA:19,31
DA:20,12
DA:23,60
DA:26,1
DA:36,31
DA:53,1
DA:64,1
DA:76,1
DA:94,9
DA:98,1
LF:17
LH:17
BRDA:6,0,0,31
BRDA:6,0,1,1
BRDA:8,1,0,31
BRDA:8,1,1,0
BRDA:12,2,0,1
BRDA:12,2,1,0
BRDA:14,3,0,1
BRDA:14,3,1,0
BRDA:25,4,0,58
BRDA:25,4,1,2
BRDA:44,5,0,12
BRDA:44,5,1,19
BRDA:84,6,0,18
BRDA:84,6,1,1
BRDA:91,7,0,19
BRDA:91,7,1,19
BRF:16
BRH:13
end_of_record
TN:
SF:src\components\Auth\AdminRoute.jsx
FN:9,AdminRoute
FNF:1
FNH:1
FNDA:5,AdminRoute
DA:10,5
DA:12,5
DA:13,1
DA:20,4
DA:21,1
DA:24,3
DA:25,2
DA:28,1
LF:8
LH:8
BRDA:12,0,0,1
BRDA:12,0,1,4
BRDA:20,1,0,1
BRDA:20,1,1,3
BRDA:24,2,0,2
BRDA:24,2,1,1
BRF:6
BRH:6
end_of_record
TN:
SF:src\components\Books\BookFilter.css
FNF:0
FNH:0
LF:0
LH:0
BRF:0
BRH:0
end_of_record
TN:
SF:src\components\Books\BookFilter.jsx
FN:6,(anonymous_0)
FN:16,(anonymous_1)
FN:17,(anonymous_2)
FN:27,(anonymous_3)
FN:49,(anonymous_4)
FN:54,(anonymous_5)
FN:63,(anonymous_6)
FN:72,(anonymous_7)
FN:88,(anonymous_8)
FN:102,(anonymous_9)
FNF:10
FNH:10
FNDA:61,(anonymous_0)
FNDA:13,(anonymous_1)
FNDA:13,(anonymous_2)
FNDA:23,(anonymous_3)
FNDA:20,(anonymous_4)
FNDA:4,(anonymous_5)
FNDA:2,(anonymous_6)
FNDA:1,(anonymous_7)
FNDA:65,(anonymous_8)
FNDA:65,(anonymous_9)
DA:6,1
DA:7,61
DA:8,61
DA:9,61
DA:10,61
DA:11,61
DA:13,61
DA:16,61
DA:17,13
DA:18,13
DA:19,13
DA:22,13
DA:24,12
DA:25,12
DA:27,12
DA:28,23
DA:29,23
DA:31,23
DA:32,23
DA:36,12
DA:37,12
DA:39,1
DA:41,13
DA:45,13
DA:49,61
DA:50,20
DA:51,20
DA:54,61
DA:55,4
DA:56,4
DA:57,4
DA:58,4
DA:59,4
DA:60,4
DA:63,61
DA:64,2
DA:65,2
DA:66,2
DA:67,2
DA:68,2
DA:69,2
DA:72,61
DA:73,1
DA:74,1
DA:75,1
DA:78,61
DA:89,65
DA:103,65
LF:48
LH:48
BRDA:28,0,0,23
BRDA:28,0,1,0
BRDA:31,1,0,23
BRDA:31,1,1,0
BRDA:50,2,0,20
BRDA:50,2,1,15
BRDA:51,3,0,20
BRDA:51,3,1,18
BRDA:58,4,0,4
BRDA:58,4,1,0
BRDA:59,5,0,0
BRDA:59,5,1,4
BRDA:67,6,0,1
BRDA:67,6,1,1
BRDA:68,7,0,2
BRDA:68,7,1,0
BRDA:109,8,0,61
BRDA:109,8,1,45
BRDA:109,8,2,18
BRF:19
BRH:14
end_of_record
TN:
SF:src\components\Books\BookSearch.css
FNF:0
FNH:0
LF:0
LH:0
BRF:0
BRH:0
end_of_record
TN:
SF:src\components\Books\BookSearch.jsx
FN:5,(anonymous_0)
FN:9,(anonymous_1)
FN:16,(anonymous_2)
FN:26,(anonymous_3)
FNF:4
FNH:3
FNDA:52,(anonymous_0)
FNDA:5,(anonymous_1)
FNDA:0,(anonymous_2)
FNDA:38,(anonymous_3)
DA:5,1
DA:6,52
DA:7,52
DA:9,52
DA:10,5
DA:11,5
DA:12,3
DA:16,52
DA:17,0
DA:20,52
DA:26,38
LF:11
LH:10
BRDA:11,0,0,3
BRDA:11,0,1,2
BRDA:32,1,0,52
BRDA:32,1,1,3
BRF:4
BRH:4
end_of_record
TN:
SF:src\context\BooksContext.jsx
FN:6,(anonymous_0)
FN:16,(anonymous_1)
FN:48,(anonymous_2)
FN:74,(anonymous_3)
FN:111,(anonymous_4)
FNF:5
FNH:4
FNDA:80,(anonymous_0)
FNDA:9,(anonymous_1)
FNDA:0,(anonymous_2)
FNDA:5,(anonymous_3)
FNDA:9,(anonymous_4)
DA:4,3
DA:6,3
DA:7,80
DA:8,80
DA:9,80
DA:10,80
DA:11,80
DA:12,80
DA:13,80
DA:16,80
DA:17,9
DA:18,9
DA:19,9
DA:20,9
DA:21,7
DA:22,7
DA:25,9
DA:31,9
DA:32,9
DA:34,9
DA:35,9
DA:36,9
DA:38,2
DA:39,2
DA:40,2
DA:41,2
DA:43,9
DA:48,80
DA:49,0
DA:50,0
DA:51,0
DA:52,0
DA:53,0
DA:54,0
DA:60,0
DA:61,0
DA:62,0
DA:64,0
DA:65,0
DA:66,0
DA:68,0
DA:73,80
DA:75,5
DA:76,1
DA:77,1
DA:80,4
DA:81,4
DA:82,4
DA:83,4
DA:84,4
DA:85,4
DA:88,5
DA:94,5
DA:96,5
DA:97,5
DA:99,0
DA:100,0
DA:101,0
DA:102,0
DA:104,4
DA:111,80
DA:112,9
DA:113,9
DA:114,9
DA:115,9
DA:119,9
DA:120,9
DA:123,9
DA:129,9
DA:131,9
DA:132,9
DA:134,0
DA:135,0
DA:136,0
DA:137,0
DA:139,9
DA:143,80
DA:157,80
LF:78
LH:57
BRDA:16,0,0,9
BRDA:16,1,0,9
BRDA:22,2,0,7
BRDA:22,2,1,0
BRDA:26,3,0,9
BRDA:26,3,1,2
BRDA:27,4,0,9
BRDA:27,4,1,2
BRDA:28,5,0,9
BRDA:28,5,1,2
BRDA:29,6,0,9
BRDA:29,6,1,2
BRDA:39,7,0,2
BRDA:39,7,1,2
BRDA:48,8,0,0
BRDA:48,9,0,0
BRDA:53,10,0,0
BRDA:53,10,1,0
BRDA:55,11,0,0
BRDA:55,11,1,0
BRDA:56,12,0,0
BRDA:56,12,1,0
BRDA:57,13,0,0
BRDA:57,13,1,0
BRDA:58,14,0,0
BRDA:58,14,1,0
BRDA:64,15,0,0
BRDA:64,15,1,0
BRDA:74,16,0,5
BRDA:75,17,0,1
BRDA:75,17,1,4
BRDA:85,18,0,4
BRDA:85,18,1,0
BRDA:89,19,0,5
BRDA:89,19,1,3
BRDA:90,20,0,5
BRDA:90,20,1,3
BRDA:91,21,0,5
BRDA:91,21,1,3
BRDA:92,22,0,5
BRDA:92,22,1,3
BRDA:100,23,0,0
BRDA:100,23,1,0
BRDA:111,24,0,9
BRDA:120,25,0,9
BRDA:120,25,1,0
BRDA:124,26,0,9
BRDA:124,26,1,8
BRDA:125,27,0,9
BRDA:125,27,1,8
BRDA:126,28,0,9
BRDA:126,28,1,8
BRDA:127,29,0,9
BRDA:127,29,1,8
BRDA:135,30,0,0
BRDA:135,30,1,0
BRF:56
BRH:35
end_of_record
TN:
SF:src\hooks\useBooks.js
FN:4,(anonymous_0)
FNF:1
FNH:1
FNDA:112,(anonymous_0)
DA:4,2
DA:5,112
DA:6,112
DA:7,0
DA:9,112
LF:5
LH:4
BRDA:6,0,0,0
BRDA:6,0,1,112
BRF:2
BRH:1
end_of_record
TN:
SF:src\hooks\useIsAdmin.js
FN:7,useIsAdmin
FNF:1
FNH:1
FNDA:5,useIsAdmin
DA:8,5
DA:9,5
LF:2
LH:2
BRF:0
BRH:0
end_of_record
TN:
SF:src\pages\AdminBooksManagement.css
FNF:0
FNH:0
LF:0
LH:0
BRF:0
BRH:0
end_of_record
TN:
SF:src\pages\AdminBooksManagement.jsx
FN:9,AdminBooksManagement
FN:17,(anonymous_1)
FN:26,(anonymous_2)
FN:28,(anonymous_3)
FN:31,(anonymous_4)
FN:35,(anonymous_5)
FN:39,(anonymous_6)
FN:41,(anonymous_7)
FN:44,(anonymous_8)
FN:48,(anonymous_9)
FN:52,(anonymous_10)
FN:54,(anonymous_11)
FN:57,(anonymous_12)
FN:68,(anonymous_13)
FNF:14
FNH:4
FNDA:9,AdminBooksManagement
FNDA:6,(anonymous_1)
FNDA:0,(anonymous_2)
FNDA:0,(anonymous_3)
FNDA:1,(anonymous_4)
FNDA:0,(anonymous_5)
FNDA:0,(anonymous_6)
FNDA:0,(anonymous_7)
FNDA:0,(anonymous_8)
FNDA:0,(anonymous_9)
FNDA:0,(anonymous_10)
FNDA:0,(anonymous_11)
FNDA:0,(anonymous_12)
FNDA:2,(anonymous_13)
DA:10,9
DA:11,9
DA:12,9
DA:13,9
DA:15,9
DA:17,9
DA:18,6
DA:19,0
DA:26,9
DA:27,0
DA:28,0
DA:31,9
DA:32,1
DA:35,9
DA:36,0
DA:39,9
DA:40,0
DA:41,0
DA:44,9
DA:45,0
DA:48,9
DA:49,0
DA:52,9
DA:53,0
DA:54,0
DA:57,9
DA:58,0
DA:61,9
DA:68,2
LF:29
LH:18
BRDA:18,0,0,0
BRDA:18,0,1,6
BRDA:18,1,0,6
BRDA:18,1,1,0
BRDA:74,2,0,9
BRDA:74,2,1,2
BRDA:81,3,0,9
BRDA:81,3,1,0
BRDA:91,4,0,9
BRDA:91,4,1,0
BRF:10
BRH:6
end_of_record
TN:
SF:src\pages\MyCollection.css
FNF:0
FNH:0
LF:0
LH:0
BRF:0
BRH:0
end_of_record
TN:
SF:src\pages\MyCollection.jsx
FN:7,MyCollection
FN:15,(anonymous_1)
FN:19,(anonymous_2)
FN:37,(anonymous_3)
FN:46,(anonymous_4)
FN:74,(anonymous_5)
FN:86,(anonymous_6)
FN:90,(anonymous_7)
FNF:8
FNH:8
FNDA:30,MyCollection
FNDA:11,(anonymous_1)
FNDA:13,(anonymous_2)
FNDA:1,(anonymous_3)
FNDA:1,(anonymous_4)
FNDA:21,(anonymous_5)
FNDA:10,(anonymous_6)
FNDA:1,(anonymous_7)
DA:8,30
DA:9,30
DA:10,30
DA:11,30
DA:12,30
DA:13,30
DA:15,30
DA:16,11
DA:19,30
DA:20,13
DA:21,13
DA:22,13
DA:23,12
DA:24,12
DA:31,1
DA:33,13
DA:37,30
DA:38,1
DA:39,1
DA:40,1
DA:42,0
DA:46,30
DA:47,1
DA:48,1
DA:49,1
DA:50,1
DA:52,0
DA:57,30
DA:58,17
DA:60,15
DA:75,21
DA:87,10
DA:90,1
LF:33
LH:31
BRDA:47,0,0,1
BRDA:47,0,1,0
BRDA:57,1,0,13
BRDA:57,1,1,17
BRDA:58,2,0,2
BRDA:58,2,1,15
BRDA:64,3,0,15
BRDA:64,3,1,2
BRDA:67,4,0,2
BRDA:67,4,1,13
BRDA:84,5,0,13
BRDA:84,5,1,13
BRDA:84,5,2,5
BRDA:89,6,0,5
BRDA:89,6,1,5
BRF:15
BRH:14
end_of_record
TN:
SF:src\services\api.js
FN:8,(anonymous_0)
FNF:1
FNH:0
FNDA:0,(anonymous_0)
DA:3,3
DA:8,3
DA:9,0
DA:10,0
DA:11,0
DA:13,0
LF:6
LH:2
BRDA:4,0,0,3
BRDA:4,0,1,0
BRDA:10,1,0,0
BRDA:10,1,1,0
BRF:4
BRH:1
end_of_record
TN:
SF:src\services\booksService.js
FN:5,(anonymous_0)
FN:15,(anonymous_1)
FN:19,(anonymous_2)
FN:23,(anonymous_3)
FN:27,(anonymous_4)
FN:31,(anonymous_5)
FN:35,(anonymous_6)
FNF:7
FNH:0
FNDA:0,(anonymous_0)
FNDA:0,(anonymous_1)
FNDA:0,(anonymous_2)
FNDA:0,(anonymous_3)
FNDA:0,(anonymous_4)
FNDA:0,(anonymous_5)
FNDA:0,(anonymous_6)
DA:3,3
DA:6,0
DA:7,0
DA:8,0
DA:9,0
DA:11,0
DA:16,0
DA:20,0
DA:24,0
DA:28,0
DA:32,0
DA:36,0
DA:37,0
LF:13
LH:1
BRDA:5,0,0,0
BRDA:5,1,0,0
BRDA:5,2,0,0
BRDA:5,3,0,0
BRDA:7,4,0,0
BRDA:7,4,1,0
BRF:6
BRH:0
end_of_record
TN:
SF:src\services\collectionService.js
FN:7,(anonymous_0)
FN:17,(anonymous_1)
FN:21,(anonymous_2)
FN:31,(anonymous_3)
FN:35,(anonymous_4)
FN:40,(anonymous_5)
FN:44,(anonymous_6)
FN:49,(anonymous_7)
FN:53,(anonymous_8)
FN:58,(anonymous_9)
FNF:10
FNH:0
FNDA:0,(anonymous_0)
FNDA:0,(anonymous_1)
FNDA:0,(anonymous_2)
FNDA:0,(anonymous_3)
FNDA:0,(anonymous_4)
FNDA:0,(anonymous_5)
FNDA:0,(anonymous_6)
FNDA:0,(anonymous_7)
FNDA:0,(anonymous_8)
FNDA:0,(anonymous_9)
DA:3,1
DA:5,1
DA:8,0
DA:13,0
DA:17,0
DA:22,0
DA:31,0
DA:36,0
DA:40,0
DA:45,0
DA:49,0
DA:54,0
DA:58,0
LF:13
LH:2
BRDA:7,0,0,0
BRDA:7,1,0,0
BRDA:7,2,0,0
BRDA:21,3,0,0
BRDA:21,4,0,0
BRDA:21,5,0,0
BRF:6
BRH:0
end_of_record
